<?xml version="1.0" encoding="UTF-8"?>
<!-- Generated by org.testng.reporters.JUnitReportReporter -->
<testsuite hostname="DESKTOP-UCSMK5S" failures="0" tests="1" name="testCases.TC005_AddToCartTest" time="5.930" errors="0" timestamp="2025-06-02T12:56:52 IST" skipped="0">
  <testcase classname="testCases.TC005_AddToCartTest" name="verifyAddToCart" time="5.930"/>
</testsuite> <!-- testCases.TC005_AddToCartTest -->
