<?xml version="1.0" encoding="UTF-8"?>
<!-- Generated by org.testng.reporters.JUnitReportReporter -->
<testsuite hostname="DESKTOP-UCSMK5S" failures="0" tests="1" name="testCases.TC006_CheckoutTest" time="21.672" errors="0" timestamp="2025-06-02T22:53:44 IST" skipped="0">
  <testcase classname="testCases.TC006_CheckoutTest" name="verifyCheckout" time="21.672"/>
</testsuite> <!-- testCases.TC006_CheckoutTest -->
