<?xml version="1.0" encoding="UTF-8"?>
<!-- Generated by org.testng.reporters.JUnitReportReporter -->
<testsuite hostname="DESKTOP-UCSMK5S" failures="0" tests="1" name="testCases.AccountRegistrationTest" time="14.178" errors="0" timestamp="2025-05-27T00:18:10 IST" skipped="0">
  <testcase classname="testCases.AccountRegistrationTest" name="verifyAccountRegistration" time="14.178"/>
</testsuite> <!-- testCases.AccountRegistrationTest -->
