<?xml version="1.0" encoding="UTF-8"?>
<!-- Generated by org.testng.reporters.JUnitReportReporter -->
<testsuite hostname="DESKTOP-UCSMK5S" failures="0" tests="1" name="testCases.TC004_SearchProductTest" time="1.066" errors="0" timestamp="2025-06-02T00:49:07 IST" skipped="0">
  <testcase classname="testCases.TC004_SearchProductTest" name="verifySearchProduct" time="1.066"/>
</testsuite> <!-- testCases.TC004_SearchProductTest -->
