<?xml version="1.0" encoding="UTF-8"?>
<!-- Generated by org.testng.reporters.JUnitReportReporter -->
<testsuite hostname="DESKTOP-UCSMK5S" failures="0" tests="1" name="testCases.TC002_LoginTest" time="3.151" errors="0" timestamp="2025-06-01T23:26:16 IST" skipped="0">
  <testcase classname="testCases.TC002_LoginTest" name="verifyLogin" time="3.151"/>
</testsuite> <!-- testCases.TC002_LoginTest -->
