<?xml version="1.0" encoding="UTF-8"?>
<!-- Generated by org.testng.reporters.JUnitReportReporter -->
<testsuite hostname="DESKTOP-UCSMK5S" failures="0" tests="1" name="testCases.TC001_AccountRegistrationTest" time="10.402" errors="0" timestamp="2025-06-01T23:26:16 IST" skipped="0">
  <testcase classname="testCases.TC001_AccountRegistrationTest" name="verifyAccountRegistration" time="10.402"/>
</testsuite> <!-- testCases.TC001_AccountRegistrationTest -->
